Using pre-set license

 COMMAND LINE ARGUMENTS:
/Applications/Unity/Hub/Editor/2020.2.4f1/Unity.app/Contents/MacOS/Unity
-adb2
-batchMode
-noUpm
-name
AssetImportWorker0
-projectPath
/Users/cmm/Desktop/Semester 2/Video Game Development/Lab Week 4 - Activity
-logFile
Logs/AssetImportWorker0.log
-srvPort
50551
Successfully changed project path to: /Users/cmm/Desktop/Semester 2/Video Game Development/Lab Week 4 - Activity
/Users/cmm/Desktop/Semester 2/Video Game Development/Lab Week 4 - Activity
Using Asset Import Pipeline V2.
Refreshing native plugins compatible for Editor in 21.32 ms, found 1 plugins.
Preloading 0 native plugins for Editor in 0.00 ms.
Initialize engine version: 2020.2.4f1 (becced5a802b)
[Subsystems] Discovering subsystems at path /Applications/Unity/Hub/Editor/2020.2.4f1/Unity.app/Contents/Resources/UnitySubsystems
[Subsystems] Discovering subsystems at path /Users/cmm/Desktop/Semester 2/Video Game Development/Lab Week 4 - Activity/Assets
GfxDevice: creating device client; threaded=0
2021-08-25 09:44:56.132 Unity[1382:29417] BenQ GW2480 preferred device: Intel(R) Iris(TM) Plus Graphics 655 (low power)
2021-08-25 09:44:56.132 Unity[1382:29417] Metal devices available: 1
2021-08-25 09:44:56.132 Unity[1382:29417] 0: Intel(R) Iris(TM) Plus Graphics 655 (low power)
2021-08-25 09:44:56.132 Unity[1382:29417] Using device Intel(R) Iris(TM) Plus Graphics 655 (low power)
Initializing Metal device caps: Intel(R) Iris(TM) Plus Graphics 655
Initialize mono
Mono path[0] = '/Applications/Unity/Hub/Editor/2020.2.4f1/Unity.app/Contents/Managed'
Mono path[1] = '/Applications/Unity/Hub/Editor/2020.2.4f1/Unity.app/Contents/MonoBleedingEdge/lib/mono/unityjit'
Mono config path = '/Applications/Unity/Hub/Editor/2020.2.4f1/Unity.app/Contents/MonoBleedingEdge/etc'
Using monoOptions --debugger-agent=transport=dt_socket,embedding=1,server=y,suspend=n,address=127.0.0.1:56382
Begin MonoManager ReloadAssembly
Registering precompiled unity dll's ...
Register platform support module: /Applications/Unity/Hub/Editor/2020.2.4f1/Unity.app/Contents/PlaybackEngines/MacStandaloneSupport/UnityEditor.OSXStandalone.Extensions.dll
Registered in 0.003465 seconds.
Native extension for OSXStandalone target not found
Refreshing native plugins compatible for Editor in 21.85 ms, found 1 plugins.
Preloading 0 native plugins for Editor in 0.00 ms.
Invoked RoslynAnalysisRunner static constructor.
RoslynAnalysisRunner will not be running.
RoslynAnalysisRunner has terminated.
Mono: successfully reloaded assembly
- Completed reload, in  1.664 seconds
Platform modules already initialized, skipping
Registering precompiled user dll's ...
Registered in 0.001572 seconds.
Begin MonoManager ReloadAssembly
Native extension for OSXStandalone target not found
Refreshing native plugins compatible for Editor in 0.21 ms, found 1 plugins.
Preloading 0 native plugins for Editor in 0.00 ms.
Invoked RoslynAnalysisRunner static constructor.
RoslynAnalysisRunner will not be running.
RoslynAnalysisRunner has terminated.
Mono: successfully reloaded assembly
- Completed reload, in  0.906 seconds
Platform modules already initialized, skipping
========================================================================
Worker process is ready to serve import requests
Launching external process: /Applications/Unity/Hub/Editor/2020.2.4f1/Unity.app/Contents/Tools/UnityShaderCompiler
Launched and connected shader compiler UnityShaderCompiler after 0.01 seconds
Refreshing native plugins compatible for Editor in 0.21 ms, found 1 plugins.
Preloading 0 native plugins for Editor in 0.00 ms.
Unloading 1079 Unused Serialized files (Serialized files now loaded: 0)
System memory in use before: 107.5 MB.
System memory in use after: 107.5 MB.

Unloading 9 unused Assets to reduce memory usage. Loaded Objects now: 1521.
Total: 1.986427 ms (FindLiveObjects: 0.174531 ms CreateObjectMapping: 0.051447 ms MarkObjects: 1.687310 ms  DeleteObjects: 0.071954 ms)

========================================================================
Received Import Request.
  path: Assets/Scenes/Week4Lab.unity
  artifactKey: Guid(71206b18b847843c9a7256085473a4c7) Importer(815301076,1909f56bfc062723c751e8b465ee728b)
Start importing Assets/Scenes/Week4Lab.unity using Guid(71206b18b847843c9a7256085473a4c7) Importer(815301076,1909f56bfc062723c751e8b465ee728b)  -> (artifact id: '732305d24a76f960ef2a297e424eb9bd') in 0.011862 seconds
  Import took 0.015644 seconds .

========================================================================
Received Import Request.
  Time since last request: 0.000185 seconds.
  path: Assets/Scenes/Week4Scene.unity
  artifactKey: Guid(b725256cb029d45cf99d07026e380c22) Importer(815301076,1909f56bfc062723c751e8b465ee728b)
Start importing Assets/Scenes/Week4Scene.unity using Guid(b725256cb029d45cf99d07026e380c22) Importer(815301076,1909f56bfc062723c751e8b465ee728b)  -> (artifact id: '4021d9d5079e709c9a2aef24778dce85') in 0.001021 seconds
  Import took 0.003815 seconds .

